
2018-11-23 17:31:03 [ERROR] [com.escolar.persona.PersonaWsApplication.main(PersonaWsApplication.java:14)]holaaaaa
2018-11-23 17:31:03 [INFO ] [org.springframework.boot.StartupInfoLogger.logStarting(StartupInfoLogger.java:50)]Starting PersonaWsApplication on mjlopez-Inspiron-7460 with PID 24837 (/home/mjlopez/Documents/boot/personaWS/target/classes started by mjlopez in /home/mjlopez/Documents/boot/personaWS)
2018-11-23 17:31:03 [DEBUG] [org.springframework.boot.StartupInfoLogger.logStarting(StartupInfoLogger.java:53)]Running with Spring Boot v2.1.0.RELEASE, Spring v5.1.2.RELEASE
2018-11-23 17:31:03 [INFO ] [org.springframework.boot.SpringApplication.logStartupProfileInfo(SpringApplication.java:675)]No active profile set, falling back to default profiles: default
2018-11-23 17:31:12 [INFO ] [org.springframework.boot.StartupInfoLogger.logStarted(StartupInfoLogger.java:59)]Started PersonaWsApplication in 9.263 seconds (JVM running for 10.509)
2018-11-23 18:19:11 [INFO ] [org.springframework.boot.StartupInfoLogger.logStarting(StartupInfoLogger.java:50)]Starting PersonaWsApplication on mjlopez-Inspiron-7460 with PID 27179 (/home/mjlopez/Documents/boot/WSpersona/target/classes started by mjlopez in /home/mjlopez/Documents/boot/WSpersona)
2018-11-23 18:19:11 [DEBUG] [org.springframework.boot.StartupInfoLogger.logStarting(StartupInfoLogger.java:53)]Running with Spring Boot v2.1.0.RELEASE, Spring v5.1.2.RELEASE
2018-11-23 18:19:11 [INFO ] [org.springframework.boot.SpringApplication.logStartupProfileInfo(SpringApplication.java:679)]The following profiles are active: dev
2018-11-23 18:20:53 [INFO ] [org.springframework.boot.StartupInfoLogger.logStarting(StartupInfoLogger.java:50)]Starting PersonaWsApplication on mjlopez-Inspiron-7460 with PID 27253 (/home/mjlopez/Documents/boot/WSpersona/target/classes started by mjlopez in /home/mjlopez/Documents/boot/WSpersona)
2018-11-23 18:20:53 [DEBUG] [org.springframework.boot.StartupInfoLogger.logStarting(StartupInfoLogger.java:53)]Running with Spring Boot v2.1.0.RELEASE, Spring v5.1.2.RELEASE
2018-11-23 18:20:53 [INFO ] [org.springframework.boot.SpringApplication.logStartupProfileInfo(SpringApplication.java:679)]The following profiles are active: desarrollo
2018-11-23 18:21:02 [INFO ] [org.springframework.boot.StartupInfoLogger.logStarted(StartupInfoLogger.java:59)]Started PersonaWsApplication in 9.401 seconds (JVM running for 10.758)
2018-11-23 18:21:23 [INFO ] [org.springframework.boot.StartupInfoLogger.logStarting(StartupInfoLogger.java:50)]Starting PersonaWsApplication on mjlopez-Inspiron-7460 with PID 27307 (/home/mjlopez/Documents/boot/WSpersona/target/classes started by mjlopez in /home/mjlopez/Documents/boot/WSpersona)
2018-11-23 18:21:23 [DEBUG] [org.springframework.boot.StartupInfoLogger.logStarting(StartupInfoLogger.java:53)]Running with Spring Boot v2.1.0.RELEASE, Spring v5.1.2.RELEASE
2018-11-23 18:21:23 [INFO ] [org.springframework.boot.SpringApplication.logStartupProfileInfo(SpringApplication.java:679)]The following profiles are active: test
2018-11-23 18:21:31 [INFO ] [org.springframework.boot.StartupInfoLogger.logStarted(StartupInfoLogger.java:59)]Started PersonaWsApplication in 8.801 seconds (JVM running for 10.153)
2018-11-23 18:21:36 [INFO ] [com.escolar.persona.api.PersonaFisicaApi.getAllPersonaFisica(PersonaFisicaApi.java:48)]GET filternull
2018-11-23 18:21:36 [INFO ] [com.escolar.persona.api.PersonaFisicaApi.getAllPersonaFisica(PersonaFisicaApi.java:49)]fieldsnull
2018-11-23 18:21:36 [INFO ] [com.escolar.persona.api.PersonaFisicaApi.getAllPersonaFisica(PersonaFisicaApi.java:57)][]
2018-11-23 18:21:45 [INFO ] [com.escolar.persona.api.PersonaFisicaApi.CreaPersonaFisica(PersonaFisicaApi.java:38)]POSTPersonaFisicaRequest [idPersona=null, nombre=manuel, apellidoPaterno=asd, apellidoMaterno=asd, fechaNacimiento=Mon Jun 11 19:00:00 CDT 2018, sexo=MASCULINO, persona=PersonaRequest [idPersona=null, rfc=asdads12312, tipo=FISICA, estado=ACTIVO]]
2018-11-23 18:21:45 [INFO ] [com.escolar.persona.service.impl.PersonaFisicaService.personaFisicaSave(PersonaFisicaService.java:26)]PersonaFisica [idPersona=null, nombre=manuel, apellidoPaterno=asd, apellidoMaterno=asd, fechaNacimiento=Mon Jun 11 19:00:00 CDT 2018, sexo=MASCULINO, persona=Persona [idPersona=null, rfc=asdads12312, tipo=FISICA, estado=ACTIVO]]
2018-11-23 18:21:49 [INFO ] [com.escolar.persona.api.PersonaFisicaApi.getAllPersonaFisica(PersonaFisicaApi.java:48)]GET filternull
2018-11-23 18:21:49 [INFO ] [com.escolar.persona.api.PersonaFisicaApi.getAllPersonaFisica(PersonaFisicaApi.java:49)]fieldsnull
2018-11-23 18:21:49 [INFO ] [com.escolar.persona.api.PersonaFisicaApi.getAllPersonaFisica(PersonaFisicaApi.java:57)][PersonaFisicaRequest [idPersona=1, nombre=manuel, apellidoPaterno=asd, apellidoMaterno=asd, fechaNacimiento=Mon Jun 11 19:00:00 CDT 2018, sexo=MASCULINO, persona=PersonaRequest [idPersona=1, rfc=asdads12312, tipo=FISICA, estado=ACTIVO]]]