
2018-11-28 13:11:03 [INFO ] [org.springframework.boot.StartupInfoLogger.logStarting(StartupInfoLogger.java:50)]Starting PersonaWsApplication on mjlopez-Inspiron-7460 with PID 22142 (/home/mjlopez/Documents/boot/WSpersona/target/classes started by mjlopez in /home/mjlopez/Documents/boot/WSpersona)
2018-11-28 13:11:03 [DEBUG] [org.springframework.boot.StartupInfoLogger.logStarting(StartupInfoLogger.java:53)]Running with Spring Boot v2.1.0.RELEASE, Spring v5.1.2.RELEASE
2018-11-28 13:11:03 [INFO ] [org.springframework.boot.SpringApplication.logStartupProfileInfo(SpringApplication.java:679)]The following profiles are active: desarrollo
2018-11-28 13:11:07 [INFO ] [org.springframework.boot.StartupInfoLogger.logStarted(StartupInfoLogger.java:59)]Started PersonaWsApplication in 4.632 seconds (JVM running for 5.453)
2018-11-28 13:11:37 [INFO ] [org.springframework.boot.StartupInfoLogger.logStarting(StartupInfoLogger.java:50)]Starting PersonaWsApplication on mjlopez-Inspiron-7460 with PID 22199 (/home/mjlopez/Documents/boot/WSpersona/target/classes started by mjlopez in /home/mjlopez/Documents/boot/WSpersona)
2018-11-28 13:11:37 [DEBUG] [org.springframework.boot.StartupInfoLogger.logStarting(StartupInfoLogger.java:53)]Running with Spring Boot v2.1.0.RELEASE, Spring v5.1.2.RELEASE
2018-11-28 13:11:37 [INFO ] [org.springframework.boot.SpringApplication.logStartupProfileInfo(SpringApplication.java:679)]The following profiles are active: desarrollo
2018-11-28 13:11:45 [INFO ] [org.springframework.boot.StartupInfoLogger.logStarted(StartupInfoLogger.java:59)]Started PersonaWsApplication in 8.892 seconds (JVM running for 9.988)
2018-11-28 13:11:57 [INFO ] [com.escolar.persona.api.DireccionApi.setCorreo(DireccionApi.java:29)]DireccionRequest [idDireccion=null, calle=siempre viva, numeroExterior=B9, numeroInterior=c1, idPais=13, idEstado=13, idMunicipio=13, codigoPostal=b1832a, idPersona=13, estado=ACTIVO]
2018-11-28 13:11:58 [INFO ] [com.escolar.persona.api.DireccionApi.setCorreo(DireccionApi.java:31)]DireccionDto [idDireccion=null, calle=siempre viva, numeroExterior=B9, numeroInterior=c1, idPais=13, idEstado=13, idMunicipio=13, codigoPostal=b1832a, idPersona=13, estado=ACTIVO]
2018-11-28 13:11:58 [INFO ] [com.escolar.persona.service.impl.DireccionService.saveDireccion(DireccionService.java:17)]DireccionDto [idDireccion=null, calle=siempre viva, numeroExterior=B9, numeroInterior=c1, idPais=13, idEstado=13, idMunicipio=13, codigoPostal=b1832a, idPersona=13, estado=ACTIVO]
2018-11-28 13:12:07 [INFO ] [com.escolar.persona.service.impl.DireccionService.getAllDireccionPersona(DireccionService.java:34)]13
2018-11-28 13:12:07 [INFO ] [com.escolar.persona.api.DireccionApi.getDirecciones(DireccionApi.java:53)][]
2018-11-28 13:12:13 [INFO ] [com.escolar.persona.api.DireccionApi.setCorreo(DireccionApi.java:29)]DireccionRequest [idDireccion=null, calle=siempre viva, numeroExterior=B9, numeroInterior=c1, idPais=13, idEstado=13, idMunicipio=13, codigoPostal=b1832a, idPersona=13, estado=ACTIVO]
2018-11-28 13:12:13 [INFO ] [com.escolar.persona.api.DireccionApi.setCorreo(DireccionApi.java:31)]DireccionDto [idDireccion=null, calle=siempre viva, numeroExterior=B9, numeroInterior=c1, idPais=13, idEstado=13, idMunicipio=13, codigoPostal=b1832a, idPersona=13, estado=ACTIVO]
2018-11-28 13:12:13 [INFO ] [com.escolar.persona.service.impl.DireccionService.saveDireccion(DireccionService.java:17)]DireccionDto [idDireccion=null, calle=siempre viva, numeroExterior=B9, numeroInterior=c1, idPais=13, idEstado=13, idMunicipio=13, codigoPostal=b1832a, idPersona=13, estado=ACTIVO]
2018-11-28 13:15:32 [INFO ] [org.springframework.boot.StartupInfoLogger.logStarting(StartupInfoLogger.java:50)]Starting PersonaWsApplication on mjlopez-Inspiron-7460 with PID 22444 (/home/mjlopez/Documents/boot/WSpersona/target/classes started by mjlopez in /home/mjlopez/Documents/boot/WSpersona)
2018-11-28 13:15:32 [DEBUG] [org.springframework.boot.StartupInfoLogger.logStarting(StartupInfoLogger.java:53)]Running with Spring Boot v2.1.0.RELEASE, Spring v5.1.2.RELEASE
2018-11-28 13:15:32 [INFO ] [org.springframework.boot.SpringApplication.logStartupProfileInfo(SpringApplication.java:679)]The following profiles are active: desarrollo
2018-11-28 13:15:39 [INFO ] [org.springframework.boot.StartupInfoLogger.logStarted(StartupInfoLogger.java:59)]Started PersonaWsApplication in 7.99 seconds (JVM running for 9.179)
2018-11-28 13:16:15 [INFO ] [com.escolar.persona.api.DireccionApi.setCorreo(DireccionApi.java:29)]DireccionRequest [idDireccion=null, calle=siempre viva, numeroExterior=B9, numeroInterior=c1, idPais=13, idEstado=13, idMunicipio=13, codigoPostal=b1832a, idPersona=13, estado=ACTIVO]
2018-11-28 13:16:15 [INFO ] [com.escolar.persona.api.DireccionApi.setCorreo(DireccionApi.java:31)]DireccionDto [idDireccion=null, calle=siempre viva, numeroExterior=B9, numeroInterior=c1, idPais=13, idEstado=13, idMunicipio=13, codigoPostal=b1832a, idPersona=13, estado=ACTIVO]
2018-11-28 13:16:15 [INFO ] [com.escolar.persona.service.impl.DireccionService.saveDireccion(DireccionService.java:17)]DireccionDto [idDireccion=null, calle=siempre viva, numeroExterior=B9, numeroInterior=c1, idPais=13, idEstado=13, idMunicipio=13, codigoPostal=b1832a, idPersona=13, estado=ACTIVO]
2018-11-28 13:16:16 [INFO ] [com.escolar.persona.service.impl.DireccionService.saveDireccion(DireccionService.java:21)]DireccionDto [idDireccion=1, calle=siempre viva, numeroExterior=B9, numeroInterior=c1, idPais=13, idEstado=13, idMunicipio=13, codigoPostal=b1832a, idPersona=13, estado=ACTIVO]
2018-11-28 13:16:28 [INFO ] [com.escolar.persona.service.impl.DireccionService.getAllDireccionPersona(DireccionService.java:34)]13
2018-11-28 13:16:28 [INFO ] [com.escolar.persona.api.DireccionApi.getDirecciones(DireccionApi.java:53)][DireccionRequest [idDireccion=1, calle=siempre viva, numeroExterior=B9, numeroInterior=c1, idPais=13, idEstado=13, idMunicipio=13, codigoPostal=b1832a, idPersona=13, estado=ACTIVO]]
2018-11-28 13:17:07 [INFO ] [com.escolar.persona.api.DireccionApi.updateTelefono(DireccionApi.java:58)]PUT idPersona:13 idDireccion:1
2018-11-28 13:17:07 [INFO ] [com.escolar.persona.api.DireccionApi.updateTelefono(DireccionApi.java:59)]DireccionRequest [idDireccion=null, calle=siempre viva, numeroExterior=B9, numeroInterior=c1, idPais=13, idEstado=13, idMunicipio=13, codigoPostal=b1832a, idPersona=13, estado=ACTIVO]
2018-11-28 13:17:07 [INFO ] [com.escolar.persona.service.impl.DireccionService.updateDireccion(DireccionService.java:41)]DireccionDto [idDireccion=1, calle=siempre viva, numeroExterior=B9, numeroInterior=c1, idPais=13, idEstado=13, idMunicipio=13, codigoPostal=b1832a, idPersona=13, estado=ACTIVO]
2018-11-28 13:17:07 [INFO ] [com.escolar.persona.service.impl.DireccionService.updateDireccion(DireccionService.java:50)]DireccionDto [idDireccion=1, calle=siempre viva, numeroExterior=B9, numeroInterior=c1, idPais=13, idEstado=13, idMunicipio=13, codigoPostal=b1832a, idPersona=13, estado=ACTIVO]
2018-11-28 13:17:07 [INFO ] [com.escolar.persona.service.impl.DireccionService.saveDireccion(DireccionService.java:17)]DireccionDto [idDireccion=1, calle=siempre viva, numeroExterior=B9, numeroInterior=c1, idPais=13, idEstado=13, idMunicipio=13, codigoPostal=b1832a, idPersona=13, estado=ACTIVO]
2018-11-28 13:17:07 [INFO ] [com.escolar.persona.service.impl.DireccionService.saveDireccion(DireccionService.java:21)]DireccionDto [idDireccion=1, calle=siempre viva, numeroExterior=B9, numeroInterior=c1, idPais=13, idEstado=13, idMunicipio=13, codigoPostal=b1832a, idPersona=13, estado=ACTIVO]
2018-11-28 13:17:46 [INFO ] [com.escolar.persona.api.DireccionApi.deletePersonaMoral(DireccionApi.java:67)]DELETE correo idPersona:13 idDireccion:3
2018-11-28 13:21:33 [INFO ] [org.springframework.boot.StartupInfoLogger.logStarting(StartupInfoLogger.java:50)]Starting PersonaWsApplication on mjlopez-Inspiron-7460 with PID 22677 (/home/mjlopez/Documents/boot/WSpersona/target/classes started by mjlopez in /home/mjlopez/Documents/boot/WSpersona)
2018-11-28 13:21:33 [DEBUG] [org.springframework.boot.StartupInfoLogger.logStarting(StartupInfoLogger.java:53)]Running with Spring Boot v2.1.0.RELEASE, Spring v5.1.2.RELEASE
2018-11-28 13:21:33 [INFO ] [org.springframework.boot.SpringApplication.logStartupProfileInfo(SpringApplication.java:679)]The following profiles are active: desarrollo
2018-11-28 13:21:40 [INFO ] [org.springframework.boot.StartupInfoLogger.logStarted(StartupInfoLogger.java:59)]Started PersonaWsApplication in 7.369 seconds (JVM running for 8.525)
2018-11-28 13:21:49 [INFO ] [com.escolar.persona.api.DireccionApi.deletePersonaMoral(DireccionApi.java:67)]DELETE correo idPersona:13 idDireccion:3
2018-11-28 13:22:41 [INFO ] [org.springframework.boot.StartupInfoLogger.logStarting(StartupInfoLogger.java:50)]Starting PersonaWsApplication on mjlopez-Inspiron-7460 with PID 22747 (/home/mjlopez/Documents/boot/WSpersona/target/classes started by mjlopez in /home/mjlopez/Documents/boot/WSpersona)
2018-11-28 13:22:41 [DEBUG] [org.springframework.boot.StartupInfoLogger.logStarting(StartupInfoLogger.java:53)]Running with Spring Boot v2.1.0.RELEASE, Spring v5.1.2.RELEASE
2018-11-28 13:22:41 [INFO ] [org.springframework.boot.SpringApplication.logStartupProfileInfo(SpringApplication.java:679)]The following profiles are active: desarrollo
2018-11-28 13:22:49 [INFO ] [org.springframework.boot.StartupInfoLogger.logStarted(StartupInfoLogger.java:59)]Started PersonaWsApplication in 8.764 seconds (JVM running for 9.879)
2018-11-28 13:22:51 [INFO ] [com.escolar.persona.api.DireccionApi.deletePersonaMoral(DireccionApi.java:67)]DELETE correo idPersona:13 idDireccion:3
2018-11-28 17:50:47 [INFO ] [org.springframework.boot.StartupInfoLogger.logStarting(StartupInfoLogger.java:50)]Starting PersonaWsApplication on mjlopez-Inspiron-7460 with PID 31662 (/home/mjlopez/Documents/boot/WSpersona/target/classes started by mjlopez in /home/mjlopez/Documents/boot/WSpersona)
2018-11-28 17:50:47 [DEBUG] [org.springframework.boot.StartupInfoLogger.logStarting(StartupInfoLogger.java:53)]Running with Spring Boot v2.1.0.RELEASE, Spring v5.1.2.RELEASE
2018-11-28 17:50:47 [INFO ] [org.springframework.boot.SpringApplication.logStartupProfileInfo(SpringApplication.java:679)]The following profiles are active: desarrollo
2018-11-28 17:51:38 [INFO ] [org.springframework.boot.StartupInfoLogger.logStarting(StartupInfoLogger.java:50)]Starting PersonaWsApplication on mjlopez-Inspiron-7460 with PID 31714 (/home/mjlopez/Documents/boot/WSpersona/target/classes started by mjlopez in /home/mjlopez/Documents/boot/WSpersona)
2018-11-28 17:51:38 [DEBUG] [org.springframework.boot.StartupInfoLogger.logStarting(StartupInfoLogger.java:53)]Running with Spring Boot v2.1.0.RELEASE, Spring v5.1.2.RELEASE
2018-11-28 17:51:38 [INFO ] [org.springframework.boot.SpringApplication.logStartupProfileInfo(SpringApplication.java:679)]The following profiles are active: desarrollo
2018-11-28 17:51:45 [INFO ] [org.springframework.boot.StartupInfoLogger.logStarted(StartupInfoLogger.java:59)]Started PersonaWsApplication in 7.625 seconds (JVM running for 9.094)